<?xml version="1.0" encoding="UTF-8"?>
<testng-results skipped="0" failed="0" ignored="0" total="1" passed="1">
  <reporter-output>
  </reporter-output>
  <suite name="InetBankingV1" duration-ms="17504" started-at="2022-01-13T18:35:31 IST" finished-at="2022-01-13T18:35:48 IST">
    <groups>
    </groups>
    <test name="BankingApp Test" duration-ms="17504" started-at="2022-01-13T18:35:31 IST" finished-at="2022-01-13T18:35:48 IST">
      <class name="com.inetbanking.testCases.TC_LoginTest_001">
        <test-method status="PASS" signature="setup(java.lang.String)[pri:0, instance:com.inetbanking.testCases.TC_LoginTest_001@24b1d79b]" name="setup" is-config="true" duration-ms="13705" started-at="2022-01-13T18:35:31 IST" finished-at="2022-01-13T18:35:45 IST">
          <params>
            <param index="0">
              <value>
                <![CDATA[chrome]]>
              </value>
            </param>
          </params>
          <reporter-output>
          </reporter-output>
        </test-method> <!-- setup -->
        <test-method status="PASS" signature="loginTest()[pri:0, instance:com.inetbanking.testCases.TC_LoginTest_001@24b1d79b]" name="loginTest" duration-ms="2356" started-at="2022-01-13T18:35:45 IST" finished-at="2022-01-13T18:35:47 IST">
          <reporter-output>
          </reporter-output>
        </test-method> <!-- loginTest -->
        <test-method status="PASS" signature="tearDown()[pri:0, instance:com.inetbanking.testCases.TC_LoginTest_001@24b1d79b]" name="tearDown" is-config="true" duration-ms="1065" started-at="2022-01-13T18:35:47 IST" finished-at="2022-01-13T18:35:48 IST">
          <reporter-output>
          </reporter-output>
        </test-method> <!-- tearDown -->
      </class> <!-- com.inetbanking.testCases.TC_LoginTest_001 -->
    </test> <!-- BankingApp Test -->
  </suite> <!-- InetBankingV1 -->
</testng-results>
